# JRE version: OpenJDK Runtime Environment (17.0.6) (build 17.0.6+0-b2043.56-9586694)
# Java VM: OpenJDK 64-Bit Server VM (17.0.6+0-b2043.56-9586694, mixed mode, tiered, compressed oops, compressed class ptrs, g1 gc, windows-amd64)
GC Precious Log:
 CPUs: 2 total, 2 available
 Memory: 3899M
 Large Page Support: Disabled
 NUMA Support: Disabled
 Compressed Oops: Enabled (32-bit)
 Heap Region Size: 1M
 Heap Min Capacity: 8M
 Heap Initial Capacity: 62M
 Heap Max Capacity: 2G
 Pre-touch: Disabled
 Parallel Workers: 2
 Concurrent Workers: 1
 Concurrent Refinement Workers: 2
 Periodic GC: Disabled
Heap:
 garbage-first heap   total 174080K, used 92624K [0x0000000080000000, 0x0000000100000000)
  region size 1024K, 42 young (43008K), 2 survivors (2048K)
 Metaspace       used 73823K, committed 74496K, reserved 487424K
  class space    used 10032K, committed 10304K, reserved 421888K
GC Heap History (20 events):
Event: 67.271 GC heap before
{Heap before GC invocations=34 (full 0):
 garbage-first heap   total 76800K, used 61172K [0x0000000080000000, 0x0000000100000000)
  region size 1024K, 17 young (17408K), 1 survivors (1024K)
 Metaspace       used 60289K, committed 60864K, reserved 479232K
  class space    used 8170K, committed 8448K, reserved 421888K
}
Event: 67.284 GC heap after
{Heap after GC invocations=35 (full 0):
 garbage-first heap   total 76800K, used 45534K [0x0000000080000000, 0x0000000100000000)
  region size 1024K, 1 young (1024K), 1 survivors (1024K)
 Metaspace       used 60289K, committed 60864K, reserved 479232K
  class space    used 8170K, committed 8448K, reserved 421888K
}
Event: 68.125 GC heap before
{Heap before GC invocations=36 (full 0):
 garbage-first heap   total 80896K, used 60894K [0x0000000080000000, 0x0000000100000000)
  region size 1024K, 17 young (17408K), 1 survivors (1024K)
 Metaspace       used 62598K, committed 63168K, reserved 479232K
  class space    used 8500K, committed 8768K, reserved 421888K
}
Event: 68.131 GC heap after
{Heap after GC invocations=37 (full 0):
 garbage-first heap   total 80896K, used 45967K [0x0000000080000000, 0x0000000100000000)
  region size 1024K, 2 young (2048K), 2 survivors (2048K)
 Metaspace       used 62598K, committed 63168K, reserved 479232K
  class space    used 8500K, committed 8768K, reserved 421888K
}
Event: 68.176 GC heap before
{Heap before GC invocations=37 (full 0):
 garbage-first heap   total 80896K, used 46991K [0x0000000080000000, 0x0000000100000000)
  region size 1024K, 3 young (3072K), 2 survivors (2048K)
 Metaspace       used 62746K, committed 63296K, reserved 479232K
  class space    used 8514K, committed 8768K, reserved 421888K
}
Event: 68.185 GC heap after
{Heap after GC invocations=38 (full 0):
 garbage-first heap   total 80896K, used 45500K [0x0000000080000000, 0x0000000100000000)
  region size 1024K, 1 young (1024K), 1 survivors (1024K)
 Metaspace       used 62746K, committed 63296K, reserved 479232K
  class space    used 8514K, committed 8768K, reserved 421888K
}
Event: 70.306 GC heap before
{Heap before GC invocations=38 (full 0):
 garbage-first heap   total 80896K, used 64956K [0x0000000080000000, 0x0000000100000000)
  region size 1024K, 21 young (21504K), 1 survivors (1024K)
 Metaspace       used 64183K, committed 64768K, reserved 479232K
  class space    used 8666K, committed 8896K, reserved 421888K
}
Event: 70.314 GC heap after
{Heap after GC invocations=39 (full 0):
 garbage-first heap   total 80896K, used 47641K [0x0000000080000000, 0x0000000100000000)
  region size 1024K, 3 young (3072K), 3 survivors (3072K)
 Metaspace       used 64183K, committed 64768K, reserved 479232K
  class space    used 8666K, committed 8896K, reserved 421888K
}
Event: 72.680 GC heap before
{Heap before GC invocations=40 (full 0):
 garbage-first heap   total 83968K, used 65049K [0x0000000080000000, 0x0000000100000000)
  region size 1024K, 20 young (20480K), 3 survivors (3072K)
 Metaspace       used 65825K, committed 66432K, reserved 487424K
  class space    used 8927K, committed 9216K, reserved 421888K
}
Event: 72.688 GC heap after
{Heap after GC invocations=41 (full 0):
 garbage-first heap   total 83968K, used 47510K [0x0000000080000000, 0x0000000100000000)
  region size 1024K, 2 young (2048K), 2 survivors (2048K)
 Metaspace       used 65825K, committed 66432K, reserved 487424K
  class space    used 8927K, committed 9216K, reserved 421888K
}
Event: 72.790 GC heap before
{Heap before GC invocations=41 (full 0):
 garbage-first heap   total 83968K, used 49558K [0x0000000080000000, 0x0000000100000000)
  region size 1024K, 4 young (4096K), 2 survivors (2048K)
 Metaspace       used 65840K, committed 66432K, reserved 487424K
  class space    used 8930K, committed 9216K, reserved 421888K
}
Event: 72.796 GC heap after
{Heap after GC invocations=42 (full 0):
 garbage-first heap   total 83968K, used 47416K [0x0000000080000000, 0x0000000100000000)
  region size 1024K, 1 young (1024K), 1 survivors (1024K)
 Metaspace       used 65840K, committed 66432K, reserved 487424K
  class space    used 8930K, committed 9216K, reserved 421888K
}
Event: 75.968 GC heap before
{Heap before GC invocations=42 (full 0):
 garbage-first heap   total 83968K, used 67896K [0x0000000080000000, 0x0000000100000000)
  region size 1024K, 21 young (21504K), 1 survivors (1024K)
 Metaspace       used 67357K, committed 67968K, reserved 487424K
  class space    used 9176K, committed 9472K, reserved 421888K
}
Event: 75.975 GC heap after
{Heap after GC invocations=43 (full 0):
 garbage-first heap   total 83968K, used 48765K [0x0000000080000000, 0x0000000100000000)
  region size 1024K, 2 young (2048K), 2 survivors (2048K)
 Metaspace       used 67357K, committed 67968K, reserved 487424K
  class space    used 9176K, committed 9472K, reserved 421888K
}
Event: 79.762 GC heap before
{Heap before GC invocations=44 (full 0):
 garbage-first heap   total 83968K, used 67197K [0x0000000080000000, 0x0000000100000000)
  region size 1024K, 21 young (21504K), 2 survivors (2048K)
 Metaspace       used 68791K, committed 69312K, reserved 487424K
  class space    used 9379K, committed 9600K, reserved 421888K
}
Event: 79.772 GC heap after
{Heap after GC invocations=45 (full 0):
 garbage-first heap   total 83968K, used 50292K [0x0000000080000000, 0x0000000100000000)
  region size 1024K, 3 young (3072K), 3 survivors (3072K)
 Metaspace       used 68791K, committed 69312K, reserved 487424K
  class space    used 9379K, committed 9600K, reserved 421888K
}
Event: 79.863 GC heap before
{Heap before GC invocations=45 (full 0):
 garbage-first heap   total 83968K, used 51316K [0x0000000080000000, 0x0000000100000000)
  region size 1024K, 4 young (4096K), 3 survivors (3072K)
 Metaspace       used 68863K, committed 69440K, reserved 487424K
  class space    used 9391K, committed 9664K, reserved 421888K
}
Event: 79.873 GC heap after
{Heap after GC invocations=46 (full 0):
 garbage-first heap   total 83968K, used 50118K [0x0000000080000000, 0x0000000100000000)
  region size 1024K, 1 young (1024K), 1 survivors (1024K)
 Metaspace       used 68863K, committed 69440K, reserved 487424K
  class space    used 9391K, committed 9664K, reserved 421888K
}
Event: 83.085 GC heap before
{Heap before GC invocations=46 (full 0):
 garbage-first heap   total 83968K, used 67526K [0x0000000080000000, 0x0000000100000000)
  region size 1024K, 19 young (19456K), 1 survivors (1024K)
 Metaspace       used 70900K, committed 71488K, reserved 487424K
  class space    used 9644K, committed 9920K, reserved 421888K
}
Event: 83.093 GC heap after
{Heap after GC invocations=47 (full 0):
 garbage-first heap   total 174080K, used 51664K [0x0000000080000000, 0x0000000100000000)
  region size 1024K, 2 young (2048K), 2 survivors (2048K)
 Metaspace       used 70900K, committed 71488K, reserved 487424K
  class space    used 9644K, committed 9920K, reserved 421888K
}

