# JRE version: OpenJDK Runtime Environment (17.0.6) (build 17.0.6+0-b2043.56-9586694)
# Java VM: OpenJDK 64-Bit Server VM (17.0.6+0-b2043.56-9586694, mixed mode, tiered, compressed oops, compressed class ptrs, g1 gc, windows-amd64)
GC Precious Log:
 CPUs: 2 total, 2 available
 Memory: 3899M
 Large Page Support: Disabled
 NUMA Support: Disabled
 Compressed Oops: Enabled (32-bit)
 Heap Region Size: 1M
 Heap Min Capacity: 8M
 Heap Initial Capacity: 62M
 Heap Max Capacity: 2G
 Pre-touch: Disabled
 Parallel Workers: 2
 Concurrent Workers: 1
 Concurrent Refinement Workers: 2
 Periodic GC: Disabled
Heap:
 garbage-first heap   total 63488K, used 29628K [0x0000000080000000, 0x0000000100000000)
  region size 1024K, 8 young (8192K), 4 survivors (4096K)
 Metaspace       used 39120K, committed 39424K, reserved 462848K
  class space    used 5123K, committed 5248K, reserved 421888K
GC Heap History (20 events):
Event: 5.748 GC heap before
{Heap before GC invocations=2 (full 0):
 garbage-first heap   total 63488K, used 16325K [0x0000000080000000, 0x0000000100000000)
  region size 1024K, 12 young (12288K), 1 survivors (1024K)
 Metaspace       used 10280K, committed 10496K, reserved 438272K
  class space    used 1060K, committed 1152K, reserved 421888K
}
Event: 5.755 GC heap after
{Heap after GC invocations=3 (full 0):
 garbage-first heap   total 63488K, used 9474K [0x0000000080000000, 0x0000000100000000)
  region size 1024K, 2 young (2048K), 2 survivors (2048K)
 Metaspace       used 10280K, committed 10496K, reserved 438272K
  class space    used 1060K, committed 1152K, reserved 421888K
}
Event: 11.280 GC heap before
{Heap before GC invocations=3 (full 0):
 garbage-first heap   total 63488K, used 22786K [0x0000000080000000, 0x0000000100000000)
  region size 1024K, 15 young (15360K), 2 survivors (2048K)
 Metaspace       used 11177K, committed 11392K, reserved 438272K
  class space    used 1162K, committed 1280K, reserved 421888K
}
Event: 11.289 GC heap after
{Heap after GC invocations=4 (full 0):
 garbage-first heap   total 63488K, used 9961K [0x0000000080000000, 0x0000000100000000)
  region size 1024K, 1 young (1024K), 1 survivors (1024K)
 Metaspace       used 11177K, committed 11392K, reserved 438272K
  class space    used 1162K, committed 1280K, reserved 421888K
}
Event: 33.009 GC heap before
{Heap before GC invocations=4 (full 0):
 garbage-first heap   total 63488K, used 43753K [0x0000000080000000, 0x0000000100000000)
  region size 1024K, 33 young (33792K), 1 survivors (1024K)
 Metaspace       used 16459K, committed 16768K, reserved 438272K
  class space    used 1881K, committed 2048K, reserved 421888K
}
Event: 33.025 GC heap after
{Heap after GC invocations=5 (full 0):
 garbage-first heap   total 63488K, used 16046K [0x0000000080000000, 0x0000000100000000)
  region size 1024K, 5 young (5120K), 5 survivors (5120K)
 Metaspace       used 16459K, committed 16768K, reserved 438272K
  class space    used 1881K, committed 2048K, reserved 421888K
}
Event: 37.325 GC heap before
{Heap before GC invocations=5 (full 0):
 garbage-first heap   total 63488K, used 36526K [0x0000000080000000, 0x0000000100000000)
  region size 1024K, 25 young (25600K), 5 survivors (5120K)
 Metaspace       used 21205K, committed 21376K, reserved 446464K
  class space    used 2568K, committed 2624K, reserved 421888K
}
Event: 37.339 GC heap after
{Heap after GC invocations=6 (full 0):
 garbage-first heap   total 63488K, used 17834K [0x0000000080000000, 0x0000000100000000)
  region size 1024K, 2 young (2048K), 2 survivors (2048K)
 Metaspace       used 21205K, committed 21376K, reserved 446464K
  class space    used 2568K, committed 2624K, reserved 421888K
}
Event: 37.374 GC heap before
{Heap before GC invocations=6 (full 0):
 garbage-first heap   total 63488K, used 17834K [0x0000000080000000, 0x0000000100000000)
  region size 1024K, 3 young (3072K), 2 survivors (2048K)
 Metaspace       used 21335K, committed 21504K, reserved 446464K
  class space    used 2592K, committed 2688K, reserved 421888K
}
Event: 37.381 GC heap after
{Heap after GC invocations=7 (full 0):
 garbage-first heap   total 63488K, used 18232K [0x0000000080000000, 0x0000000100000000)
  region size 1024K, 1 young (1024K), 1 survivors (1024K)
 Metaspace       used 21335K, committed 21504K, reserved 446464K
  class space    used 2592K, committed 2688K, reserved 421888K
}
Event: 43.748 GC heap before
{Heap before GC invocations=8 (full 0):
 garbage-first heap   total 63488K, used 41784K [0x0000000080000000, 0x0000000100000000)
  region size 1024K, 24 young (24576K), 1 survivors (1024K)
 Metaspace       used 25298K, committed 25600K, reserved 446464K
  class space    used 3274K, committed 3392K, reserved 421888K
}
Event: 43.753 GC heap after
{Heap after GC invocations=9 (full 0):
 garbage-first heap   total 63488K, used 19392K [0x0000000080000000, 0x0000000100000000)
  region size 1024K, 2 young (2048K), 2 survivors (2048K)
 Metaspace       used 25298K, committed 25600K, reserved 446464K
  class space    used 3274K, committed 3392K, reserved 421888K
}
Event: 47.652 GC heap before
{Heap before GC invocations=9 (full 0):
 garbage-first heap   total 63488K, used 43968K [0x0000000080000000, 0x0000000100000000)
  region size 1024K, 26 young (26624K), 2 survivors (2048K)
 Metaspace       used 29081K, committed 29440K, reserved 454656K
  class space    used 3893K, committed 4032K, reserved 421888K
}
Event: 47.659 GC heap after
{Heap after GC invocations=10 (full 0):
 garbage-first heap   total 63488K, used 20739K [0x0000000080000000, 0x0000000100000000)
  region size 1024K, 3 young (3072K), 3 survivors (3072K)
 Metaspace       used 29081K, committed 29440K, reserved 454656K
  class space    used 3893K, committed 4032K, reserved 421888K
}
Event: 50.794 GC heap before
{Heap before GC invocations=10 (full 0):
 garbage-first heap   total 63488K, used 45315K [0x0000000080000000, 0x0000000100000000)
  region size 1024K, 27 young (27648K), 3 survivors (3072K)
 Metaspace       used 32859K, committed 33152K, reserved 454656K
  class space    used 4477K, committed 4608K, reserved 421888K
}
Event: 50.806 GC heap after
{Heap after GC invocations=11 (full 0):
 garbage-first heap   total 63488K, used 21857K [0x0000000080000000, 0x0000000100000000)
  region size 1024K, 3 young (3072K), 3 survivors (3072K)
 Metaspace       used 32859K, committed 33152K, reserved 454656K
  class space    used 4477K, committed 4608K, reserved 421888K
}
Event: 52.738 GC heap before
{Heap before GC invocations=11 (full 0):
 garbage-first heap   total 63488K, used 30049K [0x0000000080000000, 0x0000000100000000)
  region size 1024K, 12 young (12288K), 3 survivors (3072K)
 Metaspace       used 35671K, committed 35968K, reserved 454656K
  class space    used 4706K, committed 4864K, reserved 421888K
}
Event: 52.748 GC heap after
{Heap after GC invocations=12 (full 0):
 garbage-first heap   total 63488K, used 23451K [0x0000000080000000, 0x0000000100000000)
  region size 1024K, 3 young (3072K), 3 survivors (3072K)
 Metaspace       used 35671K, committed 35968K, reserved 454656K
  class space    used 4706K, committed 4864K, reserved 421888K
}
Event: 56.289 GC heap before
{Heap before GC invocations=13 (full 0):
 garbage-first heap   total 63488K, used 45979K [0x0000000080000000, 0x0000000100000000)
  region size 1024K, 26 young (26624K), 3 survivors (3072K)
 Metaspace       used 38704K, committed 38976K, reserved 462848K
  class space    used 5070K, committed 5184K, reserved 421888K
}
Event: 56.303 GC heap after
{Heap after GC invocations=14 (full 0):
 garbage-first heap   total 63488K, used 26556K [0x0000000080000000, 0x0000000100000000)
  region size 1024K, 4 young (4096K), 4 survivors (4096K)
 Metaspace       used 38704K, committed 38976K, reserved 462848K
  class space    used 5070K, committed 5184K, reserved 421888K
}

